[debug] [2024-05-19T20:26:53.245Z] ----------------------------------------------------------------------
[debug] [2024-05-19T20:26:53.253Z] Command:       C:\Program Files\nodejs\node.exe C:\Users\hatzu\AppData\Roaming\npm\node_modules\firebase-tools\lib\bin\firebase.js init
[debug] [2024-05-19T20:26:53.253Z] CLI Version:   13.7.3
[debug] [2024-05-19T20:26:53.254Z] Platform:      win32
[debug] [2024-05-19T20:26:53.255Z] Node Version:  v20.11.1
[debug] [2024-05-19T20:26:53.255Z] Time:          Sun May 19 2024 14:26:53 GMT-0600 (hora estándar central)
[debug] [2024-05-19T20:26:53.255Z] ----------------------------------------------------------------------
[debug] 
[debug] [2024-05-19T20:26:53.270Z] > command requires scopes: ["email","openid","https://www.googleapis.com/auth/cloudplatformprojects.readonly","https://www.googleapis.com/auth/firebase","https://www.googleapis.com/auth/cloud-platform"]
[debug] [2024-05-19T20:26:53.270Z] > authorizing via signed-in user (hatzumyg@gmail.com)
[info] 
     ######## #### ########  ######## ########     ###     ######  ########
     ##        ##  ##     ## ##       ##     ##  ##   ##  ##       ##
     ######    ##  ########  ######   ########  #########  ######  ######
     ##        ##  ##    ##  ##       ##     ## ##     ##       ## ##
     ##       #### ##     ## ######## ########  ##     ##  ######  ########

You're about to initialize a Firebase project in this directory:

  C:\xampp\htdocs\PI FIREBASE

Before we get started, keep in mind:

  * You are currently outside your home directory

[info] 
=== Project Setup
[info] 
[info] First, let's associate this project directory with a Firebase project.
[info] You can create multiple project aliases by running firebase use --add, 
[info] but for now we'll just set up a default project.
[info] 
[debug] [2024-05-19T20:28:12.549Z] > refreshing access token with scopes: []
[debug] [2024-05-19T20:28:12.553Z] >>> [apiv2][query] POST https://www.googleapis.com/oauth2/v3/token [none]
[debug] [2024-05-19T20:28:12.553Z] >>> [apiv2][body] POST https://www.googleapis.com/oauth2/v3/token [omitted]
[debug] [2024-05-19T20:28:13.302Z] <<< [apiv2][status] POST https://www.googleapis.com/oauth2/v3/token 200
[debug] [2024-05-19T20:28:13.303Z] <<< [apiv2][body] POST https://www.googleapis.com/oauth2/v3/token [omitted]
[debug] [2024-05-19T20:28:13.322Z] >>> [apiv2][query] GET https://firebase.googleapis.com/v1beta1/projects pageSize=100
[debug] [2024-05-19T20:28:13.867Z] <<< [apiv2][status] GET https://firebase.googleapis.com/v1beta1/projects 200
[debug] [2024-05-19T20:28:13.867Z] <<< [apiv2][body] GET https://firebase.googleapis.com/v1beta1/projects [omitted]
[info] i  Using project catalogo-canciones (CATALOGO CANCIONES) 
[info] 
=== Firestore Setup
[debug] [2024-05-19T20:28:17.890Z] >>> [apiv2][query] GET https://serviceusage.googleapis.com/v1/projects/catalogo-canciones/services/firestore.googleapis.com [none]
[debug] [2024-05-19T20:28:17.891Z] >>> [apiv2][(partial)header] GET https://serviceusage.googleapis.com/v1/projects/catalogo-canciones/services/firestore.googleapis.com x-goog-quota-user=projects/catalogo-canciones
[debug] [2024-05-19T20:28:18.712Z] <<< [apiv2][status] GET https://serviceusage.googleapis.com/v1/projects/catalogo-canciones/services/firestore.googleapis.com 200
[debug] [2024-05-19T20:28:18.713Z] <<< [apiv2][body] GET https://serviceusage.googleapis.com/v1/projects/catalogo-canciones/services/firestore.googleapis.com [omitted]
[debug] [2024-05-19T20:28:18.713Z] >>> [apiv2][query] GET https://firestore.googleapis.com/v1/projects/catalogo-canciones/databases/(default) [none]
[debug] [2024-05-19T20:28:19.293Z] <<< [apiv2][status] GET https://firestore.googleapis.com/v1/projects/catalogo-canciones/databases/(default) 200
[debug] [2024-05-19T20:28:19.294Z] <<< [apiv2][body] GET https://firestore.googleapis.com/v1/projects/catalogo-canciones/databases/(default) {"name":"projects/catalogo-canciones/databases/(default)","uid":"f4b0d247-af55-4fcd-95ad-f72dc224ad09","createTime":"2024-05-19T20:58:56.027300Z","updateTime":"2024-05-19T20:58:56.027300Z","locationId":"nam5","type":"FIRESTORE_NATIVE","concurrencyMode":"PESSIMISTIC","versionRetentionPeriod":"3600s","earliestVersionTime":"2024-05-19T20:58:56.027300Z","appEngineIntegrationMode":"DISABLED","keyPrefix":"s","pointInTimeRecoveryEnablement":"POINT_IN_TIME_RECOVERY_DISABLED","deleteProtectionState":"DELETE_PROTECTION_DISABLED","etag":"IOzwl4nUmoYDMLzr1/DNmoYD"}
[debug] [2024-05-19T20:28:19.294Z] database_type: FIRESTORE_NATIVE
[debug] [2024-05-19T20:28:19.294Z] > command requires scopes: ["email","openid","https://www.googleapis.com/auth/cloudplatformprojects.readonly","https://www.googleapis.com/auth/firebase","https://www.googleapis.com/auth/cloud-platform"]
[debug] [2024-05-19T20:28:19.295Z] > authorizing via signed-in user (hatzumyg@gmail.com)
[debug] [2024-05-19T20:28:19.295Z] [iam] checking project catalogo-canciones for permissions ["firebase.projects.get"]
[debug] [2024-05-19T20:28:19.296Z] >>> [apiv2][query] POST https://cloudresourcemanager.googleapis.com/v1/projects/catalogo-canciones:testIamPermissions [none]
[debug] [2024-05-19T20:28:19.297Z] >>> [apiv2][(partial)header] POST https://cloudresourcemanager.googleapis.com/v1/projects/catalogo-canciones:testIamPermissions x-goog-quota-user=projects/catalogo-canciones
[debug] [2024-05-19T20:28:19.297Z] >>> [apiv2][body] POST https://cloudresourcemanager.googleapis.com/v1/projects/catalogo-canciones:testIamPermissions {"permissions":["firebase.projects.get"]}
[debug] [2024-05-19T20:28:19.742Z] <<< [apiv2][status] POST https://cloudresourcemanager.googleapis.com/v1/projects/catalogo-canciones:testIamPermissions 200
[debug] [2024-05-19T20:28:19.743Z] <<< [apiv2][body] POST https://cloudresourcemanager.googleapis.com/v1/projects/catalogo-canciones:testIamPermissions {"permissions":["firebase.projects.get"]}
[info] 
[info] Firestore Security Rules allow you to define how and when to allow
[info] requests. You can keep these rules in your project directory
[info] and publish them with firebase deploy.
[info] 
[debug] [2024-05-19T20:28:45.500Z] >>> [apiv2][query] GET https://firebaserules.googleapis.com/v1/projects/catalogo-canciones/releases pageSize=10&pageToken=
[debug] [2024-05-19T20:28:45.816Z] <<< [apiv2][status] GET https://firebaserules.googleapis.com/v1/projects/catalogo-canciones/releases 200
[debug] [2024-05-19T20:28:45.816Z] <<< [apiv2][body] GET https://firebaserules.googleapis.com/v1/projects/catalogo-canciones/releases {"releases":[{"name":"projects/catalogo-canciones/releases/cloud.firestore","rulesetName":"projects/catalogo-canciones/rulesets/be62159e-7a31-4c06-9585-8913cf3eb8e9","createTime":"2024-05-19T20:59:00.443914Z","updateTime":"2024-05-19T20:59:00.443914Z"}]}
[debug] [2024-05-19T20:28:45.817Z] Found ruleset: projects/catalogo-canciones/rulesets/be62159e-7a31-4c06-9585-8913cf3eb8e9
[debug] [2024-05-19T20:28:45.817Z] >>> [apiv2][query] GET https://firebaserules.googleapis.com/v1/projects/catalogo-canciones/rulesets/be62159e-7a31-4c06-9585-8913cf3eb8e9 [none]
[debug] [2024-05-19T20:28:45.916Z] <<< [apiv2][status] GET https://firebaserules.googleapis.com/v1/projects/catalogo-canciones/rulesets/be62159e-7a31-4c06-9585-8913cf3eb8e9 200
[debug] [2024-05-19T20:28:45.917Z] <<< [apiv2][body] GET https://firebaserules.googleapis.com/v1/projects/catalogo-canciones/rulesets/be62159e-7a31-4c06-9585-8913cf3eb8e9 [omitted]
[info] 
[info] Firestore indexes allow you to perform complex queries while
[info] maintaining performance that scales with the size of the result
[info] set. You can keep index definitions in your project directory
[info] and publish them with firebase deploy.
[info] 
[debug] [2024-05-19T20:29:08.995Z] >>> [apiv2][query] GET https://firestore.googleapis.com/v1/projects/catalogo-canciones/databases/(default)/collectionGroups/-/indexes [none]
[debug] [2024-05-19T20:29:08.998Z] >>> [apiv2][query] GET https://firestore.googleapis.com/v1/projects/catalogo-canciones/databases/(default)/collectionGroups/-/fields?filter=indexConfig.usesAncestorConfig=false OR ttlConfig:* [none]
[debug] [2024-05-19T20:29:09.367Z] <<< [apiv2][status] GET https://firestore.googleapis.com/v1/projects/catalogo-canciones/databases/(default)/collectionGroups/-/fields?filter=indexConfig.usesAncestorConfig=false OR ttlConfig:* 200
[debug] [2024-05-19T20:29:09.367Z] <<< [apiv2][body] GET https://firestore.googleapis.com/v1/projects/catalogo-canciones/databases/(default)/collectionGroups/-/fields?filter=indexConfig.usesAncestorConfig=false OR ttlConfig:* {"fields":[{"name":"projects/catalogo-canciones/databases/(default)/collectionGroups/__default__/fields/*","indexConfig":{"indexes":[{"queryScope":"COLLECTION","fields":[{"fieldPath":"*","order":"ASCENDING"}],"state":"READY"},{"queryScope":"COLLECTION","fields":[{"fieldPath":"*","order":"DESCENDING"}],"state":"READY"},{"queryScope":"COLLECTION","fields":[{"fieldPath":"*","arrayConfig":"CONTAINS"}],"state":"READY"}]}}]}
[debug] [2024-05-19T20:29:09.484Z] <<< [apiv2][status] GET https://firestore.googleapis.com/v1/projects/catalogo-canciones/databases/(default)/collectionGroups/-/indexes 200
[debug] [2024-05-19T20:29:09.484Z] <<< [apiv2][body] GET https://firestore.googleapis.com/v1/projects/catalogo-canciones/databases/(default)/collectionGroups/-/indexes {}
[info] 
=== Hosting Setup
[debug] [2024-05-19T20:29:09.493Z] >>> [apiv2][query] GET https://firebase.googleapis.com/v1beta1/projects/catalogo-canciones [none]
[debug] [2024-05-19T20:29:09.879Z] <<< [apiv2][status] GET https://firebase.googleapis.com/v1beta1/projects/catalogo-canciones 200
[debug] [2024-05-19T20:29:09.880Z] <<< [apiv2][body] GET https://firebase.googleapis.com/v1beta1/projects/catalogo-canciones {"projectId":"catalogo-canciones","projectNumber":"195533290745","displayName":"CATALOGO CANCIONES","name":"projects/catalogo-canciones","resources":{"hostingSite":"catalogo-canciones"},"state":"ACTIVE","etag":"1_761cacc7-c75c-468e-a14d-1765bb329af4"}
[info] 
[info] Your public directory is the folder (relative to your project directory) that
[info] will contain Hosting assets to be uploaded with firebase deploy. If you
[info] have a build process for your assets, use your build's output directory.
[info] 
[debug] [2024-05-19T20:29:21.432Z] >>> [apiv2][query] GET https://www.gstatic.com/firebasejs/releases.json [none]
[debug] [2024-05-19T20:29:21.551Z] <<< [apiv2][status] GET https://www.gstatic.com/firebasejs/releases.json 200
[debug] [2024-05-19T20:29:21.552Z] <<< [apiv2][body] GET https://www.gstatic.com/firebasejs/releases.json {"current":{"version":"10.12.0","browserURL":"https://www.gstatic.com/firebasejs/10.12.0/firebase.js","packageURL":"https://www.gstatic.com/firebasejs/10.12.0/firebase.tgz"},"live":{"version":"10.12","browserURL":"https://www.gstatic.com/firebasejs/live/10.12/firebase.js","packageURL":"https://www.gstatic.com/firebasejs/live/10.12/firebase.tgz"},"components":{"analytics":"https://www.gstatic.com/firebasejs/10.12.0/firebase-analytics.js","app":"https://www.gstatic.com/firebasejs/10.12.0/firebase-app.js","app-check":"https://www.gstatic.com/firebasejs/10.12.0/firebase-app-check.js","auth":"https://www.gstatic.com/firebasejs/10.12.0/firebase-auth.js","auth/cordova":"https://www.gstatic.com/firebasejs/10.12.0/firebase-auth/cordova.js","auth/web-extension":"https://www.gstatic.com/firebasejs/10.12.0/firebase-auth/web-extension.js","functions":"https://www.gstatic.com/firebasejs/10.12.0/firebase-functions.js","firestore":"https://www.gstatic.com/firebasejs/10.12.0/firebase-firestore.js","firestore/lite":"https://www.gstatic.com/firebasejs/10.12.0/firebase-firestore/lite.js","installations":"https://www.gstatic.com/firebasejs/10.12.0/firebase-installations.js","storage":"https://www.gstatic.com/firebasejs/10.12.0/firebase-storage.js","performance":"https://www.gstatic.com/firebasejs/10.12.0/firebase-performance.js","remote-config":"https://www.gstatic.com/firebasejs/10.12.0/firebase-remote-config.js","messaging":"https://www.gstatic.com/firebasejs/10.12.0/firebase-messaging.js","messaging/sw":"https://www.gstatic.com/firebasejs/10.12.0/firebase-messaging/sw.js","database":"https://www.gstatic.com/firebasejs/10.12.0/firebase-database.js","vertexai-preview":"https://www.gstatic.com/firebasejs/10.12.0/firebase-vertexai-preview.js","firestore.memory":"https://www.gstatic.com/firebasejs/10.12.0/firebase-firestore.memory.js"}}
[info] +  Wrote public/index.html 
[info] 
[info] i  Didn't detect a .git folder. Assuming C:\xampp\htdocs\PI FIREBASE is the project root. 
[info] i  Authorizing with GitHub to upload your service account to a GitHub repository's secrets store. 
[info] 
[info] Visit this URL on this device to log in:
[info] https://github.com/login/oauth/authorize?client_id=89cf50f02ac6aaed3484&state=996215191&redirect_uri=http%3A%2F%2Flocalhost%3A9005&scope=read%3Auser%20repo%20public_repo
[info] 
[info] Waiting for authentication...
[debug] [2024-05-19T20:30:24.689Z] >>> [apiv2][query] POST https://github.com/login/oauth/access_token [none]
[debug] [2024-05-19T20:30:24.690Z] >>> [apiv2][body] POST https://github.com/login/oauth/access_token [stream]
[debug] [2024-05-19T20:30:25.189Z] <<< [apiv2][status] POST https://github.com/login/oauth/access_token 200
[debug] [2024-05-19T20:30:25.189Z] <<< [apiv2][body] POST https://github.com/login/oauth/access_token {"access_token":"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","token_type":"bearer","scope":"read:user,repo"}
[debug] [2024-05-19T20:30:25.206Z] >>> [apiv2][query] GET https://api.github.com/user [none]
[debug] [2024-05-19T20:30:25.833Z] <<< [apiv2][status] GET https://api.github.com/user 200
[debug] [2024-05-19T20:30:25.833Z] <<< [apiv2][body] GET https://api.github.com/user {"login":"HatzumyG","id":112830511,"node_id":"U_kgDOBrmoLw","avatar_url":"https://avatars.githubusercontent.com/u/112830511?v=4","gravatar_id":"","url":"https://api.github.com/users/HatzumyG","html_url":"https://github.com/HatzumyG","followers_url":"https://api.github.com/users/HatzumyG/followers","following_url":"https://api.github.com/users/HatzumyG/following{/other_user}","gists_url":"https://api.github.com/users/HatzumyG/gists{/gist_id}","starred_url":"https://api.github.com/users/HatzumyG/starred{/owner}{/repo}","subscriptions_url":"https://api.github.com/users/HatzumyG/subscriptions","organizations_url":"https://api.github.com/users/HatzumyG/orgs","repos_url":"https://api.github.com/users/HatzumyG/repos","events_url":"https://api.github.com/users/HatzumyG/events{/privacy}","received_events_url":"https://api.github.com/users/HatzumyG/received_events","type":"User","site_admin":false,"name":null,"company":null,"blog":"","location":null,"email":null,"hireable":null,"bio":null,"twitter_username":null,"public_repos":3,"public_gists":0,"followers":0,"following":0,"created_at":"2022-09-04T22:07:03Z","updated_at":"2024-05-19T06:50:04Z","private_gists":0,"total_private_repos":1,"owned_private_repos":1,"disk_usage":3,"collaborators":0,"two_factor_authentication":false,"plan":{"name":"free","space":976562499,"collaborators":0,"private_repos":10000}}
[info] 
[info] +  Success! Logged into GitHub as HatzumyG 
[info] 
[debug] [2024-05-19T20:31:10.369Z] >>> [apiv2][query] GET https://api.github.com/repos//actions/secrets/public-key type=owner
[debug] [2024-05-19T20:31:10.754Z] <<< [apiv2][status] GET https://api.github.com/repos//actions/secrets/public-key 404
[debug] [2024-05-19T20:31:10.754Z] <<< [apiv2][body] GET https://api.github.com/repos//actions/secrets/public-key {"message":"Not Found","documentation_url":"https://docs.github.com/rest"}
[info] 
[info] 
[error] !  The provided authorization cannot be used with this repository. If this repository is in an organization, did you remember to grant access? 
[info] 
[info] i  Action required: Visit this URL to ensure access has been granted to the appropriate organization(s) for the Firebase CLI GitHub OAuth App: 
[info] https://github.com/settings/connections/applications/89cf50f02ac6aaed3484
[info] 
